2024-02-14 13:39:28 Updating the configuration and installing your custom providers, if any. Please wait.
2024-02-14 13:40:48 2024-02-14 04:40:48,059 INFO  [io.quarkus.deployment.QuarkusAugmentor] (main) Quarkus augmentation completed in 65695ms
2024-02-14 13:41:00 2024-02-14 04:40:51,649 INFO  [org.keycloak.quarkus.runtime.hostname.DefaultHostnameProvider] (main) Hostname settings: Base URL: <unset>, Hostname: <request>, Strict HTTPS: false, Path: <request>, Strict BackChannel: false, Admin URL: <unset>, Admin: <request>, Port: -1, Proxied: false
2024-02-14 13:41:01 2024-02-14 04:41:01,721 WARN  [io.quarkus.agroal.runtime.DataSources] (main) Datasource <default> enables XA but transaction recovery is not enabled. Please enable transaction recovery by setting quarkus.transaction-manager.enable-recovery=true, otherwise data may be lost if the application is terminated abruptly
2024-02-14 13:41:06 2024-02-14 04:41:06,421 WARN  [org.infinispan.PERSISTENCE] (keycloak-cache-init) ISPN000554: jboss-marshalling is deprecated and planned for removal
2024-02-14 13:41:06 2024-02-14 04:41:06,715 INFO  [org.infinispan.CONTAINER] (keycloak-cache-init) ISPN000556: Starting user marshaller 'org.infinispan.jboss.marshalling.core.JBossUserMarshaller'
2024-02-14 13:41:07 2024-02-14 04:41:07,221 INFO  [org.infinispan.CLUSTER] (keycloak-cache-init) ISPN000088: Unable to use any JGroups configuration mechanisms provided in properties {}. Using default JGroups configuration!
2024-02-14 13:41:07 2024-02-14 04:41:07,910 INFO  [org.infinispan.CLUSTER] (keycloak-cache-init) ISPN000078: Starting JGroups channel `ISPN`
2024-02-14 13:41:07 2024-02-14 04:41:07,913 INFO  [org.jgroups.JChannel] (keycloak-cache-init) local_addr: 42306a20-b469-4594-a4cc-eef100662513, name: 53238ef5ebfc-36250
2024-02-14 13:41:07 2024-02-14 04:41:07,923 WARN  [org.jgroups.protocols.UDP] (keycloak-cache-init) JGRP000015: the send buffer of socket MulticastSocket was set to 1MB, but the OS only allocated 212.99KB
2024-02-14 13:41:07 2024-02-14 04:41:07,924 WARN  [org.jgroups.protocols.UDP] (keycloak-cache-init) JGRP000015: the receive buffer of socket MulticastSocket was set to 20MB, but the OS only allocated 212.99KB
2024-02-14 13:41:07 2024-02-14 04:41:07,925 WARN  [org.jgroups.protocols.UDP] (keycloak-cache-init) JGRP000015: the send buffer of socket MulticastSocket was set to 1MB, but the OS only allocated 212.99KB
2024-02-14 13:41:07 2024-02-14 04:41:07,925 WARN  [org.jgroups.protocols.UDP] (keycloak-cache-init) JGRP000015: the receive buffer of socket MulticastSocket was set to 25MB, but the OS only allocated 212.99KB
2024-02-14 13:41:07 2024-02-14 04:41:07,952 INFO  [org.jgroups.protocols.FD_SOCK2] (keycloak-cache-init) server listening on *.41955
2024-02-14 13:41:12 2024-02-14 04:41:12,398 INFO  [org.infinispan.CLUSTER] (keycloak-cache-init) ISPN000094: Received new cluster view for channel ISPN: [6d617897bd5b-40981|1] (2) [6d617897bd5b-40981, 53238ef5ebfc-36250]
2024-02-14 13:41:12 2024-02-14 04:41:12,455 INFO  [org.infinispan.CLUSTER] (keycloak-cache-init) ISPN000079: Channel `ISPN` local address is `53238ef5ebfc-36250`, physical addresses are `[172.18.0.5:57491]`
2024-02-14 13:41:12 2024-02-14 04:41:12,526 WARN  [org.infinispan.CONFIG] (keycloak-cache-init) ISPN000569: Unable to persist Infinispan internal caches as no global state enabled
2024-02-14 13:41:13 2024-02-14 04:41:13,472 INFO  [org.infinispan.LIFECYCLE] (jgroups-13,53238ef5ebfc-36250) [Context=org.infinispan.PERMISSIONS] ISPN100002: Starting rebalance with members [6d617897bd5b-40981, 53238ef5ebfc-36250], phase READ_OLD_WRITE_ALL, topology id 2
2024-02-14 13:41:13 2024-02-14 04:41:13,620 INFO  [org.infinispan.LIFECYCLE] (non-blocking-thread--p2-t5) [Context=org.infinispan.PERMISSIONS] ISPN100010: Finished rebalance with members [6d617897bd5b-40981, 53238ef5ebfc-36250], topology id 2
2024-02-14 13:41:13 2024-02-14 04:41:13,678 INFO  [org.infinispan.LIFECYCLE] (jgroups-12,53238ef5ebfc-36250) [Context=org.infinispan.ROLES] ISPN100002: Starting rebalance with members [6d617897bd5b-40981, 53238ef5ebfc-36250], phase READ_OLD_WRITE_ALL, topology id 2
2024-02-14 13:41:13 2024-02-14 04:41:13,752 INFO  [org.infinispan.LIFECYCLE] (non-blocking-thread--p2-t8) [Context=org.infinispan.ROLES] ISPN100010: Finished rebalance with members [6d617897bd5b-40981, 53238ef5ebfc-36250], topology id 2
2024-02-14 13:41:13 2024-02-14 04:41:13,863 INFO  [org.infinispan.LIFECYCLE] (jgroups-12,53238ef5ebfc-36250) [Context=org.infinispan.CONFIG] ISPN100002: Starting rebalance with members [6d617897bd5b-40981, 53238ef5ebfc-36250], phase READ_OLD_WRITE_ALL, topology id 2
2024-02-14 13:41:13 2024-02-14 04:41:13,874 INFO  [org.infinispan.LIFECYCLE] (non-blocking-thread--p2-t3) [Context=org.infinispan.CONFIG] ISPN100010: Finished rebalance with members [6d617897bd5b-40981, 53238ef5ebfc-36250], topology id 2
2024-02-14 13:41:14 2024-02-14 04:41:14,300 INFO  [org.infinispan.LIFECYCLE] (jgroups-12,53238ef5ebfc-36250) [Context=actionTokens] ISPN100002: Starting rebalance with members [6d617897bd5b-40981, 53238ef5ebfc-36250], phase READ_OLD_WRITE_ALL, topology id 2
2024-02-14 13:41:14 2024-02-14 04:41:14,344 INFO  [org.infinispan.LIFECYCLE] (jgroups-12,53238ef5ebfc-36250) [Context=actionTokens] ISPN100010: Finished rebalance with members [6d617897bd5b-40981, 53238ef5ebfc-36250], topology id 2
2024-02-14 13:41:14 2024-02-14 04:41:14,683 INFO  [org.infinispan.LIFECYCLE] (jgroups-9,53238ef5ebfc-36250) [Context=authenticationSessions] ISPN100002: Starting rebalance with members [6d617897bd5b-40981, 53238ef5ebfc-36250], phase READ_OLD_WRITE_ALL, topology id 2
2024-02-14 13:41:14 2024-02-14 04:41:14,757 INFO  [org.infinispan.LIFECYCLE] (jgroups-9,53238ef5ebfc-36250) [Context=authenticationSessions] ISPN100010: Finished rebalance with members [6d617897bd5b-40981, 53238ef5ebfc-36250], topology id 2
2024-02-14 13:41:14 2024-02-14 04:41:14,990 INFO  [org.infinispan.LIFECYCLE] (jgroups-9,53238ef5ebfc-36250) [Context=clientSessions] ISPN100002: Starting rebalance with members [6d617897bd5b-40981, 53238ef5ebfc-36250], phase READ_OLD_WRITE_ALL, topology id 2
2024-02-14 13:41:15 2024-02-14 04:41:15,005 INFO  [org.infinispan.LIFECYCLE] (jgroups-12,53238ef5ebfc-36250) [Context=clientSessions] ISPN100010: Finished rebalance with members [6d617897bd5b-40981, 53238ef5ebfc-36250], topology id 2
2024-02-14 13:41:15 2024-02-14 04:41:15,151 INFO  [org.infinispan.LIFECYCLE] (jgroups-12,53238ef5ebfc-36250) [Context=loginFailures] ISPN100002: Starting rebalance with members [6d617897bd5b-40981, 53238ef5ebfc-36250], phase READ_OLD_WRITE_ALL, topology id 2
2024-02-14 13:41:15 2024-02-14 04:41:15,186 INFO  [org.infinispan.LIFECYCLE] (jgroups-12,53238ef5ebfc-36250) [Context=loginFailures] ISPN100010: Finished rebalance with members [6d617897bd5b-40981, 53238ef5ebfc-36250], topology id 2
2024-02-14 13:41:15 2024-02-14 04:41:15,342 INFO  [org.infinispan.LIFECYCLE] (jgroups-12,53238ef5ebfc-36250) [Context=offlineClientSessions] ISPN100002: Starting rebalance with members [6d617897bd5b-40981, 53238ef5ebfc-36250], phase READ_OLD_WRITE_ALL, topology id 2
2024-02-14 13:41:15 2024-02-14 04:41:15,365 INFO  [org.infinispan.LIFECYCLE] (jgroups-12,53238ef5ebfc-36250) [Context=offlineClientSessions] ISPN100010: Finished rebalance with members [6d617897bd5b-40981, 53238ef5ebfc-36250], topology id 2
2024-02-14 13:41:15 2024-02-14 04:41:15,466 INFO  [org.infinispan.LIFECYCLE] (jgroups-12,53238ef5ebfc-36250) [Context=offlineSessions] ISPN100002: Starting rebalance with members [6d617897bd5b-40981, 53238ef5ebfc-36250], phase READ_OLD_WRITE_ALL, topology id 2
2024-02-14 13:41:15 2024-02-14 04:41:15,482 INFO  [org.infinispan.LIFECYCLE] (jgroups-9,53238ef5ebfc-36250) [Context=offlineSessions] ISPN100010: Finished rebalance with members [6d617897bd5b-40981, 53238ef5ebfc-36250], topology id 2
2024-02-14 13:41:15 2024-02-14 04:41:15,579 INFO  [org.infinispan.LIFECYCLE] (jgroups-9,53238ef5ebfc-36250) [Context=sessions] ISPN100002: Starting rebalance with members [6d617897bd5b-40981, 53238ef5ebfc-36250], phase READ_OLD_WRITE_ALL, topology id 2
2024-02-14 13:41:15 2024-02-14 04:41:15,588 INFO  [org.infinispan.LIFECYCLE] (jgroups-12,53238ef5ebfc-36250) [Context=sessions] ISPN100010: Finished rebalance with members [6d617897bd5b-40981, 53238ef5ebfc-36250], topology id 2
2024-02-14 13:41:15 2024-02-14 04:41:15,647 INFO  [org.infinispan.LIFECYCLE] (jgroups-12,53238ef5ebfc-36250) [Context=work] ISPN100002: Starting rebalance with members [6d617897bd5b-40981, 53238ef5ebfc-36250], phase READ_OLD_WRITE_ALL, topology id 2
2024-02-14 13:41:15 2024-02-14 04:41:15,660 INFO  [org.infinispan.LIFECYCLE] (non-blocking-thread--p2-t5) [Context=work] ISPN100010: Finished rebalance with members [6d617897bd5b-40981, 53238ef5ebfc-36250], topology id 2
2024-02-14 13:41:15 2024-02-14 04:41:15,966 INFO  [org.keycloak.connections.infinispan.DefaultInfinispanConnectionProviderFactory] (main) Node name: 53238ef5ebfc-36250, Site name: null
2024-02-14 13:41:17 2024-02-14 04:41:17,749 INFO  [org.keycloak.broker.provider.AbstractIdentityProviderMapper] (main) Registering class org.keycloak.broker.provider.mappersync.ConfigSyncEventListener
2024-02-14 13:41:21 2024-02-14 04:41:21,211 INFO  [io.quarkus] (main) Keycloak 23.0.6 on JVM (powered by Quarkus 3.2.10.Final) started in 32.725s. Listening on: http://0.0.0.0:8080
2024-02-14 13:41:21 2024-02-14 04:41:21,212 INFO  [io.quarkus] (main) Profile dev activated.
2024-02-14 13:41:21 2024-02-14 04:41:21,212 INFO  [io.quarkus] (main) Installed features: [agroal, cdi, hibernate-orm, jdbc-h2, jdbc-mariadb, jdbc-mssql, jdbc-mysql, jdbc-oracle, jdbc-postgresql, keycloak, logging-gelf, micrometer, narayana-jta, reactive-routes, resteasy-reactive, resteasy-reactive-jackson, smallrye-context-propagation, smallrye-health, vertx]
2024-02-14 13:41:21 2024-02-14 04:41:21,372 WARN  [org.keycloak.quarkus.runtime.KeycloakMain] (main) Running the server in development mode. DO NOT use this configuration in production.
2024-02-14 13:44:11 2024-02-14 04:44:11,350 INFO  [org.infinispan.CLUSTER] (jgroups-14,53238ef5ebfc-36250) ISPN000094: Received new cluster view for channel ISPN: [53238ef5ebfc-36250|2] (1) [53238ef5ebfc-36250]
2024-02-14 13:44:11 2024-02-14 04:44:11,357 INFO  [org.infinispan.CLUSTER] (jgroups-14,53238ef5ebfc-36250) ISPN100001: Node 6d617897bd5b-40981 left the cluster
2024-02-14 13:44:11 2024-02-14 04:44:11,371 INFO  [org.infinispan.CLUSTER] (jgroups-14,53238ef5ebfc-36250) ISPN100001: Node 6d617897bd5b-40981 left the cluster
2024-02-14 13:44:11 2024-02-14 04:44:11,472 INFO  [org.infinispan.CLUSTER] (non-blocking-thread--p2-t2) [Context=offlineClientSessions] ISPN100007: After merge (or coordinator change), recovered members [53238ef5ebfc-36250] with topology id 7
2024-02-14 13:44:11 2024-02-14 04:44:11,474 INFO  [org.infinispan.CLUSTER] (non-blocking-thread--p2-t4) [Context=authenticationSessions] ISPN100007: After merge (or coordinator change), recovered members [53238ef5ebfc-36250] with topology id 7
2024-02-14 13:44:11 2024-02-14 04:44:11,474 INFO  [org.infinispan.CLUSTER] (non-blocking-thread--p2-t3) [Context=sessions] ISPN100007: After merge (or coordinator change), recovered members [53238ef5ebfc-36250] with topology id 7
2024-02-14 13:44:11 2024-02-14 04:44:11,522 INFO  [org.infinispan.CLUSTER] (non-blocking-thread--p2-t4) [Context=org.infinispan.CONFIG] ISPN100007: After merge (or coordinator change), recovered members [53238ef5ebfc-36250] with topology id 7
2024-02-14 13:44:11 2024-02-14 04:44:11,529 INFO  [org.infinispan.CLUSTER] (non-blocking-thread--p2-t3) [Context=org.infinispan.ROLES] ISPN100007: After merge (or coordinator change), recovered members [53238ef5ebfc-36250] with topology id 7
2024-02-14 13:44:11 2024-02-14 04:44:11,531 INFO  [org.infinispan.CLUSTER] (non-blocking-thread--p2-t4) [Context=work] ISPN100007: After merge (or coordinator change), recovered members [53238ef5ebfc-36250] with topology id 7
2024-02-14 13:44:11 2024-02-14 04:44:11,536 INFO  [org.infinispan.CLUSTER] (non-blocking-thread--p2-t3) [Context=clientSessions] ISPN100007: After merge (or coordinator change), recovered members [53238ef5ebfc-36250] with topology id 7
2024-02-14 13:44:11 2024-02-14 04:44:11,538 INFO  [org.infinispan.CLUSTER] (non-blocking-thread--p2-t4) [Context=org.infinispan.PERMISSIONS] ISPN100007: After merge (or coordinator change), recovered members [53238ef5ebfc-36250] with topology id 7
2024-02-14 13:44:11 2024-02-14 04:44:11,537 INFO  [org.infinispan.CLUSTER] (non-blocking-thread--p2-t2) [Context=offlineSessions] ISPN100007: After merge (or coordinator change), recovered members [53238ef5ebfc-36250] with topology id 7
2024-02-14 13:44:11 2024-02-14 04:44:11,553 INFO  [org.infinispan.CLUSTER] (non-blocking-thread--p2-t4) [Context=loginFailures] ISPN100007: After merge (or coordinator change), recovered members [53238ef5ebfc-36250] with topology id 7
2024-02-14 13:44:11 2024-02-14 04:44:11,558 INFO  [org.infinispan.CLUSTER] (non-blocking-thread--p2-t3) [Context=actionTokens] ISPN100007: After merge (or coordinator change), recovered members [53238ef5ebfc-36250] with topology id 7
