2024-02-14 13:39:28 Updating the configuration and installing your custom providers, if any. Please wait.
2024-02-14 13:40:48 2024-02-14 04:40:48,495 INFO  [io.quarkus.deployment.QuarkusAugmentor] (main) Quarkus augmentation completed in 66195ms
2024-02-14 13:41:01 2024-02-14 04:40:51,929 INFO  [org.keycloak.quarkus.runtime.hostname.DefaultHostnameProvider] (main) Hostname settings: Base URL: <unset>, Hostname: <request>, Strict HTTPS: false, Path: <request>, Strict BackChannel: false, Admin URL: <unset>, Admin: <request>, Port: -1, Proxied: false
2024-02-14 13:41:02 2024-02-14 04:41:02,082 WARN  [io.quarkus.agroal.runtime.DataSources] (main) Datasource <default> enables XA but transaction recovery is not enabled. Please enable transaction recovery by setting quarkus.transaction-manager.enable-recovery=true, otherwise data may be lost if the application is terminated abruptly
2024-02-14 13:41:07 2024-02-14 04:41:07,150 WARN  [org.infinispan.PERSISTENCE] (keycloak-cache-init) ISPN000554: jboss-marshalling is deprecated and planned for removal
2024-02-14 13:41:07 2024-02-14 04:41:07,969 INFO  [org.infinispan.CONTAINER] (keycloak-cache-init) ISPN000556: Starting user marshaller 'org.infinispan.jboss.marshalling.core.JBossUserMarshaller'
2024-02-14 13:41:08 2024-02-14 04:41:08,406 INFO  [org.infinispan.CLUSTER] (keycloak-cache-init) ISPN000088: Unable to use any JGroups configuration mechanisms provided in properties {}. Using default JGroups configuration!
2024-02-14 13:41:08 2024-02-14 04:41:08,639 INFO  [org.infinispan.CLUSTER] (keycloak-cache-init) ISPN000078: Starting JGroups channel `ISPN`
2024-02-14 13:41:08 2024-02-14 04:41:08,641 INFO  [org.jgroups.JChannel] (keycloak-cache-init) local_addr: de5074e2-2e66-4e56-adfe-b8851e68f947, name: 6d617897bd5b-40981
2024-02-14 13:41:08 2024-02-14 04:41:08,656 WARN  [org.jgroups.protocols.UDP] (keycloak-cache-init) JGRP000015: the send buffer of socket MulticastSocket was set to 1MB, but the OS only allocated 212.99KB
2024-02-14 13:41:08 2024-02-14 04:41:08,657 WARN  [org.jgroups.protocols.UDP] (keycloak-cache-init) JGRP000015: the receive buffer of socket MulticastSocket was set to 20MB, but the OS only allocated 212.99KB
2024-02-14 13:41:08 2024-02-14 04:41:08,664 WARN  [org.jgroups.protocols.UDP] (keycloak-cache-init) JGRP000015: the send buffer of socket MulticastSocket was set to 1MB, but the OS only allocated 212.99KB
2024-02-14 13:41:08 2024-02-14 04:41:08,666 WARN  [org.jgroups.protocols.UDP] (keycloak-cache-init) JGRP000015: the receive buffer of socket MulticastSocket was set to 25MB, but the OS only allocated 212.99KB
2024-02-14 13:41:08 2024-02-14 04:41:08,709 INFO  [org.jgroups.protocols.FD_SOCK2] (keycloak-cache-init) server listening on *.42015
2024-02-14 13:41:10 2024-02-14 04:41:10,823 INFO  [org.infinispan.CLUSTER] (keycloak-cache-init) ISPN000094: Received new cluster view for channel ISPN: [6d617897bd5b-40981|0] (1) [6d617897bd5b-40981]
2024-02-14 13:41:10 2024-02-14 04:41:10,878 INFO  [org.infinispan.CLUSTER] (keycloak-cache-init) ISPN000079: Channel `ISPN` local address is `6d617897bd5b-40981`, physical addresses are `[172.18.0.6:57551]`
2024-02-14 13:41:11 2024-02-14 04:41:11,020 WARN  [org.infinispan.CONFIG] (keycloak-cache-init) ISPN000569: Unable to persist Infinispan internal caches as no global state enabled
2024-02-14 13:41:12 2024-02-14 04:41:12,326 INFO  [org.infinispan.CLUSTER] (jgroups-7,6d617897bd5b-40981) ISPN000094: Received new cluster view for channel ISPN: [6d617897bd5b-40981|1] (2) [6d617897bd5b-40981, 53238ef5ebfc-36250]
2024-02-14 13:41:12 2024-02-14 04:41:12,330 INFO  [org.infinispan.CLUSTER] (jgroups-7,6d617897bd5b-40981) ISPN100000: Node 53238ef5ebfc-36250 joined the cluster
2024-02-14 13:41:12 2024-02-14 04:41:12,332 INFO  [org.infinispan.CLUSTER] (jgroups-7,6d617897bd5b-40981) ISPN100000: Node 53238ef5ebfc-36250 joined the cluster
2024-02-14 13:41:12 2024-02-14 04:41:12,350 INFO  [org.keycloak.connections.infinispan.DefaultInfinispanConnectionProviderFactory] (main) Node name: 6d617897bd5b-40981, Site name: null
2024-02-14 13:41:12 2024-02-14 04:41:12,355 INFO  [org.keycloak.broker.provider.AbstractIdentityProviderMapper] (main) Registering class org.keycloak.broker.provider.mappersync.ConfigSyncEventListener
2024-02-14 13:41:13 2024-02-14 04:41:13,425 INFO  [org.infinispan.CLUSTER] (jgroups-8,6d617897bd5b-40981) [Context=org.infinispan.PERMISSIONS] ISPN100002: Starting rebalance with members [6d617897bd5b-40981, 53238ef5ebfc-36250], phase READ_OLD_WRITE_ALL, topology id 2
2024-02-14 13:41:13 2024-02-14 04:41:13,442 INFO  [org.infinispan.LIFECYCLE] (jgroups-8,6d617897bd5b-40981) [Context=org.infinispan.PERMISSIONS] ISPN100002: Starting rebalance with members [6d617897bd5b-40981, 53238ef5ebfc-36250], phase READ_OLD_WRITE_ALL, topology id 2
2024-02-14 13:41:13 2024-02-14 04:41:13,472 INFO  [org.infinispan.LIFECYCLE] (non-blocking-thread--p2-t3) [Context=org.infinispan.PERMISSIONS] ISPN100010: Finished rebalance with members [6d617897bd5b-40981, 53238ef5ebfc-36250], topology id 2
2024-02-14 13:41:13 2024-02-14 04:41:13,667 INFO  [org.infinispan.CLUSTER] (jgroups-7,6d617897bd5b-40981) [Context=org.infinispan.ROLES] ISPN100002: Starting rebalance with members [6d617897bd5b-40981, 53238ef5ebfc-36250], phase READ_OLD_WRITE_ALL, topology id 2
2024-02-14 13:41:13 2024-02-14 04:41:13,673 INFO  [org.infinispan.LIFECYCLE] (jgroups-7,6d617897bd5b-40981) [Context=org.infinispan.ROLES] ISPN100002: Starting rebalance with members [6d617897bd5b-40981, 53238ef5ebfc-36250], phase READ_OLD_WRITE_ALL, topology id 2
2024-02-14 13:41:13 2024-02-14 04:41:13,683 INFO  [org.infinispan.LIFECYCLE] (non-blocking-thread--p2-t2) [Context=org.infinispan.ROLES] ISPN100010: Finished rebalance with members [6d617897bd5b-40981, 53238ef5ebfc-36250], topology id 2
2024-02-14 13:41:13 2024-02-14 04:41:13,854 INFO  [org.infinispan.CLUSTER] (jgroups-10,6d617897bd5b-40981) [Context=org.infinispan.CONFIG] ISPN100002: Starting rebalance with members [6d617897bd5b-40981, 53238ef5ebfc-36250], phase READ_OLD_WRITE_ALL, topology id 2
2024-02-14 13:41:13 2024-02-14 04:41:13,858 INFO  [org.infinispan.LIFECYCLE] (jgroups-10,6d617897bd5b-40981) [Context=org.infinispan.CONFIG] ISPN100002: Starting rebalance with members [6d617897bd5b-40981, 53238ef5ebfc-36250], phase READ_OLD_WRITE_ALL, topology id 2
2024-02-14 13:41:13 2024-02-14 04:41:13,862 INFO  [org.infinispan.LIFECYCLE] (non-blocking-thread--p2-t6) [Context=org.infinispan.CONFIG] ISPN100010: Finished rebalance with members [6d617897bd5b-40981, 53238ef5ebfc-36250], topology id 2
2024-02-14 13:41:14 2024-02-14 04:41:14,028 INFO  [org.infinispan.CLUSTER] (jgroups-10,6d617897bd5b-40981) [Context=org.infinispan.ROLES] ISPN100009: Advancing to rebalance phase READ_ALL_WRITE_ALL, topology id 3
2024-02-14 13:41:14 2024-02-14 04:41:14,052 INFO  [org.infinispan.CLUSTER] (jgroups-7,6d617897bd5b-40981) [Context=org.infinispan.ROLES] ISPN100009: Advancing to rebalance phase READ_NEW_WRITE_ALL, topology id 4
2024-02-14 13:41:14 2024-02-14 04:41:14,060 INFO  [org.infinispan.CLUSTER] (jgroups-7,6d617897bd5b-40981) [Context=org.infinispan.ROLES] ISPN100010: Finished rebalance with members [6d617897bd5b-40981, 53238ef5ebfc-36250], topology id 5
2024-02-14 13:41:14 2024-02-14 04:41:14,041 INFO  [org.infinispan.CLUSTER] (jgroups-10,6d617897bd5b-40981) [Context=org.infinispan.CONFIG] ISPN100009: Advancing to rebalance phase READ_ALL_WRITE_ALL, topology id 3
2024-02-14 13:41:14 2024-02-14 04:41:14,108 INFO  [org.infinispan.CLUSTER] (jgroups-10,6d617897bd5b-40981) [Context=org.infinispan.PERMISSIONS] ISPN100009: Advancing to rebalance phase READ_ALL_WRITE_ALL, topology id 3
2024-02-14 13:41:14 2024-02-14 04:41:14,133 INFO  [org.infinispan.CLUSTER] (jgroups-10,6d617897bd5b-40981) [Context=org.infinispan.CONFIG] ISPN100009: Advancing to rebalance phase READ_NEW_WRITE_ALL, topology id 4
2024-02-14 13:41:14 2024-02-14 04:41:14,167 INFO  [org.infinispan.CLUSTER] (jgroups-10,6d617897bd5b-40981) [Context=org.infinispan.CONFIG] ISPN100010: Finished rebalance with members [6d617897bd5b-40981, 53238ef5ebfc-36250], topology id 5
2024-02-14 13:41:14 2024-02-14 04:41:14,168 INFO  [org.infinispan.CLUSTER] (jgroups-7,6d617897bd5b-40981) [Context=org.infinispan.PERMISSIONS] ISPN100009: Advancing to rebalance phase READ_NEW_WRITE_ALL, topology id 4
2024-02-14 13:41:14 2024-02-14 04:41:14,197 INFO  [org.infinispan.CLUSTER] (jgroups-7,6d617897bd5b-40981) [Context=org.infinispan.PERMISSIONS] ISPN100010: Finished rebalance with members [6d617897bd5b-40981, 53238ef5ebfc-36250], topology id 5
2024-02-14 13:41:14 2024-02-14 04:41:14,267 INFO  [org.infinispan.CLUSTER] (jgroups-7,6d617897bd5b-40981) [Context=actionTokens] ISPN100002: Starting rebalance with members [6d617897bd5b-40981, 53238ef5ebfc-36250], phase READ_OLD_WRITE_ALL, topology id 2
2024-02-14 13:41:14 2024-02-14 04:41:14,297 INFO  [org.infinispan.LIFECYCLE] (jgroups-7,6d617897bd5b-40981) [Context=actionTokens] ISPN100002: Starting rebalance with members [6d617897bd5b-40981, 53238ef5ebfc-36250], phase READ_OLD_WRITE_ALL, topology id 2
2024-02-14 13:41:14 2024-02-14 04:41:14,333 INFO  [org.infinispan.LIFECYCLE] (non-blocking-thread--p2-t4) [Context=actionTokens] ISPN100010: Finished rebalance with members [6d617897bd5b-40981, 53238ef5ebfc-36250], topology id 2
2024-02-14 13:41:14 2024-02-14 04:41:14,566 INFO  [org.infinispan.CLUSTER] (jgroups-7,6d617897bd5b-40981) [Context=actionTokens] ISPN100009: Advancing to rebalance phase READ_ALL_WRITE_ALL, topology id 3
2024-02-14 13:41:14 2024-02-14 04:41:14,588 INFO  [org.infinispan.CLUSTER] (jgroups-7,6d617897bd5b-40981) [Context=actionTokens] ISPN100009: Advancing to rebalance phase READ_NEW_WRITE_ALL, topology id 4
2024-02-14 13:41:14 2024-02-14 04:41:14,614 INFO  [org.infinispan.CLUSTER] (jgroups-10,6d617897bd5b-40981) [Context=actionTokens] ISPN100010: Finished rebalance with members [6d617897bd5b-40981, 53238ef5ebfc-36250], topology id 5
2024-02-14 13:41:14 2024-02-14 04:41:14,653 INFO  [org.infinispan.CLUSTER] (jgroups-7,6d617897bd5b-40981) [Context=authenticationSessions] ISPN100002: Starting rebalance with members [6d617897bd5b-40981, 53238ef5ebfc-36250], phase READ_OLD_WRITE_ALL, topology id 2
2024-02-14 13:41:14 2024-02-14 04:41:14,668 INFO  [org.infinispan.LIFECYCLE] (jgroups-7,6d617897bd5b-40981) [Context=authenticationSessions] ISPN100002: Starting rebalance with members [6d617897bd5b-40981, 53238ef5ebfc-36250], phase READ_OLD_WRITE_ALL, topology id 2
2024-02-14 13:41:14 2024-02-14 04:41:14,689 INFO  [org.infinispan.LIFECYCLE] (non-blocking-thread--p2-t7) [Context=authenticationSessions] ISPN100010: Finished rebalance with members [6d617897bd5b-40981, 53238ef5ebfc-36250], topology id 2
2024-02-14 13:41:14 2024-02-14 04:41:14,807 INFO  [org.infinispan.CLUSTER] (jgroups-10,6d617897bd5b-40981) [Context=authenticationSessions] ISPN100009: Advancing to rebalance phase READ_ALL_WRITE_ALL, topology id 3
2024-02-14 13:41:14 2024-02-14 04:41:14,838 INFO  [org.infinispan.CLUSTER] (jgroups-10,6d617897bd5b-40981) [Context=authenticationSessions] ISPN100009: Advancing to rebalance phase READ_NEW_WRITE_ALL, topology id 4
2024-02-14 13:41:14 2024-02-14 04:41:14,881 INFO  [org.infinispan.CLUSTER] (jgroups-10,6d617897bd5b-40981) [Context=authenticationSessions] ISPN100010: Finished rebalance with members [6d617897bd5b-40981, 53238ef5ebfc-36250], topology id 5
2024-02-14 13:41:14 2024-02-14 04:41:14,983 INFO  [org.infinispan.CLUSTER] (jgroups-10,6d617897bd5b-40981) [Context=clientSessions] ISPN100002: Starting rebalance with members [6d617897bd5b-40981, 53238ef5ebfc-36250], phase READ_OLD_WRITE_ALL, topology id 2
2024-02-14 13:41:14 2024-02-14 04:41:14,985 INFO  [org.infinispan.LIFECYCLE] (jgroups-10,6d617897bd5b-40981) [Context=clientSessions] ISPN100002: Starting rebalance with members [6d617897bd5b-40981, 53238ef5ebfc-36250], phase READ_OLD_WRITE_ALL, topology id 2
2024-02-14 13:41:14 2024-02-14 04:41:14,989 INFO  [org.infinispan.LIFECYCLE] (non-blocking-thread--p2-t1) [Context=clientSessions] ISPN100010: Finished rebalance with members [6d617897bd5b-40981, 53238ef5ebfc-36250], topology id 2
2024-02-14 13:41:15 2024-02-14 04:41:15,029 INFO  [org.infinispan.CLUSTER] (jgroups-7,6d617897bd5b-40981) [Context=clientSessions] ISPN100009: Advancing to rebalance phase READ_ALL_WRITE_ALL, topology id 3
2024-02-14 13:41:15 2024-02-14 04:41:15,054 INFO  [org.infinispan.CLUSTER] (jgroups-7,6d617897bd5b-40981) [Context=clientSessions] ISPN100009: Advancing to rebalance phase READ_NEW_WRITE_ALL, topology id 4
2024-02-14 13:41:15 2024-02-14 04:41:15,091 INFO  [org.infinispan.CLUSTER] (jgroups-7,6d617897bd5b-40981) [Context=clientSessions] ISPN100010: Finished rebalance with members [6d617897bd5b-40981, 53238ef5ebfc-36250], topology id 5
2024-02-14 13:41:15 2024-02-14 04:41:15,141 INFO  [org.infinispan.CLUSTER] (jgroups-7,6d617897bd5b-40981) [Context=loginFailures] ISPN100002: Starting rebalance with members [6d617897bd5b-40981, 53238ef5ebfc-36250], phase READ_OLD_WRITE_ALL, topology id 2
2024-02-14 13:41:15 2024-02-14 04:41:15,145 INFO  [org.infinispan.LIFECYCLE] (jgroups-7,6d617897bd5b-40981) [Context=loginFailures] ISPN100002: Starting rebalance with members [6d617897bd5b-40981, 53238ef5ebfc-36250], phase READ_OLD_WRITE_ALL, topology id 2
2024-02-14 13:41:15 2024-02-14 04:41:15,154 INFO  [org.infinispan.LIFECYCLE] (non-blocking-thread--p2-t8) [Context=loginFailures] ISPN100010: Finished rebalance with members [6d617897bd5b-40981, 53238ef5ebfc-36250], topology id 2
2024-02-14 13:41:15 2024-02-14 04:41:15,207 INFO  [org.infinispan.CLUSTER] (jgroups-7,6d617897bd5b-40981) [Context=loginFailures] ISPN100009: Advancing to rebalance phase READ_ALL_WRITE_ALL, topology id 3
2024-02-14 13:41:15 2024-02-14 04:41:15,231 INFO  [org.infinispan.CLUSTER] (non-blocking-thread--p2-t4) [Context=loginFailures] ISPN100009: Advancing to rebalance phase READ_NEW_WRITE_ALL, topology id 4
2024-02-14 13:41:15 2024-02-14 04:41:15,252 INFO  [org.infinispan.CLUSTER] (jgroups-7,6d617897bd5b-40981) [Context=loginFailures] ISPN100010: Finished rebalance with members [6d617897bd5b-40981, 53238ef5ebfc-36250], topology id 5
2024-02-14 13:41:15 2024-02-14 04:41:15,294 INFO  [org.infinispan.CLUSTER] (jgroups-7,6d617897bd5b-40981) [Context=offlineClientSessions] ISPN100002: Starting rebalance with members [6d617897bd5b-40981, 53238ef5ebfc-36250], phase READ_OLD_WRITE_ALL, topology id 2
2024-02-14 13:41:15 2024-02-14 04:41:15,297 INFO  [org.infinispan.LIFECYCLE] (jgroups-7,6d617897bd5b-40981) [Context=offlineClientSessions] ISPN100002: Starting rebalance with members [6d617897bd5b-40981, 53238ef5ebfc-36250], phase READ_OLD_WRITE_ALL, topology id 2
2024-02-14 13:41:15 2024-02-14 04:41:15,309 INFO  [org.infinispan.LIFECYCLE] (non-blocking-thread--p2-t2) [Context=offlineClientSessions] ISPN100010: Finished rebalance with members [6d617897bd5b-40981, 53238ef5ebfc-36250], topology id 2
2024-02-14 13:41:15 2024-02-14 04:41:15,403 INFO  [org.infinispan.CLUSTER] (jgroups-7,6d617897bd5b-40981) [Context=offlineClientSessions] ISPN100009: Advancing to rebalance phase READ_ALL_WRITE_ALL, topology id 3
2024-02-14 13:41:15 2024-02-14 04:41:15,423 INFO  [org.infinispan.CLUSTER] (jgroups-7,6d617897bd5b-40981) [Context=offlineClientSessions] ISPN100009: Advancing to rebalance phase READ_NEW_WRITE_ALL, topology id 4
2024-02-14 13:41:15 2024-02-14 04:41:15,432 INFO  [org.infinispan.CLUSTER] (jgroups-7,6d617897bd5b-40981) [Context=offlineClientSessions] ISPN100010: Finished rebalance with members [6d617897bd5b-40981, 53238ef5ebfc-36250], topology id 5
2024-02-14 13:41:15 2024-02-14 04:41:15,462 INFO  [org.infinispan.CLUSTER] (jgroups-7,6d617897bd5b-40981) [Context=offlineSessions] ISPN100002: Starting rebalance with members [6d617897bd5b-40981, 53238ef5ebfc-36250], phase READ_OLD_WRITE_ALL, topology id 2
2024-02-14 13:41:15 2024-02-14 04:41:15,465 INFO  [org.infinispan.LIFECYCLE] (jgroups-7,6d617897bd5b-40981) [Context=offlineSessions] ISPN100002: Starting rebalance with members [6d617897bd5b-40981, 53238ef5ebfc-36250], phase READ_OLD_WRITE_ALL, topology id 2
2024-02-14 13:41:15 2024-02-14 04:41:15,469 INFO  [org.infinispan.LIFECYCLE] (non-blocking-thread--p2-t4) [Context=offlineSessions] ISPN100010: Finished rebalance with members [6d617897bd5b-40981, 53238ef5ebfc-36250], topology id 2
2024-02-14 13:41:15 2024-02-14 04:41:15,499 INFO  [org.infinispan.CLUSTER] (jgroups-7,6d617897bd5b-40981) [Context=offlineSessions] ISPN100009: Advancing to rebalance phase READ_ALL_WRITE_ALL, topology id 3
2024-02-14 13:41:15 2024-02-14 04:41:15,515 INFO  [org.infinispan.CLUSTER] (jgroups-7,6d617897bd5b-40981) [Context=offlineSessions] ISPN100009: Advancing to rebalance phase READ_NEW_WRITE_ALL, topology id 4
2024-02-14 13:41:15 2024-02-14 04:41:15,530 INFO  [org.infinispan.CLUSTER] (jgroups-7,6d617897bd5b-40981) [Context=offlineSessions] ISPN100010: Finished rebalance with members [6d617897bd5b-40981, 53238ef5ebfc-36250], topology id 5
2024-02-14 13:41:15 2024-02-14 04:41:15,568 INFO  [org.infinispan.CLUSTER] (jgroups-7,6d617897bd5b-40981) [Context=sessions] ISPN100002: Starting rebalance with members [6d617897bd5b-40981, 53238ef5ebfc-36250], phase READ_OLD_WRITE_ALL, topology id 2
2024-02-14 13:41:15 2024-02-14 04:41:15,575 INFO  [org.infinispan.LIFECYCLE] (jgroups-7,6d617897bd5b-40981) [Context=sessions] ISPN100002: Starting rebalance with members [6d617897bd5b-40981, 53238ef5ebfc-36250], phase READ_OLD_WRITE_ALL, topology id 2
2024-02-14 13:41:15 2024-02-14 04:41:15,579 INFO  [org.infinispan.LIFECYCLE] (non-blocking-thread--p2-t5) [Context=sessions] ISPN100010: Finished rebalance with members [6d617897bd5b-40981, 53238ef5ebfc-36250], topology id 2
2024-02-14 13:41:15 2024-02-14 04:41:15,606 INFO  [org.infinispan.CLUSTER] (jgroups-10,6d617897bd5b-40981) [Context=sessions] ISPN100009: Advancing to rebalance phase READ_ALL_WRITE_ALL, topology id 3
2024-02-14 13:41:15 2024-02-14 04:41:15,613 INFO  [org.infinispan.CLUSTER] (jgroups-7,6d617897bd5b-40981) [Context=sessions] ISPN100009: Advancing to rebalance phase READ_NEW_WRITE_ALL, topology id 4
2024-02-14 13:41:15 2024-02-14 04:41:15,622 INFO  [org.infinispan.CLUSTER] (jgroups-7,6d617897bd5b-40981) [Context=sessions] ISPN100010: Finished rebalance with members [6d617897bd5b-40981, 53238ef5ebfc-36250], topology id 5
2024-02-14 13:41:15 2024-02-14 04:41:15,640 INFO  [org.infinispan.CLUSTER] (jgroups-7,6d617897bd5b-40981) [Context=work] ISPN100002: Starting rebalance with members [6d617897bd5b-40981, 53238ef5ebfc-36250], phase READ_OLD_WRITE_ALL, topology id 2
2024-02-14 13:41:15 2024-02-14 04:41:15,643 INFO  [org.infinispan.LIFECYCLE] (jgroups-7,6d617897bd5b-40981) [Context=work] ISPN100002: Starting rebalance with members [6d617897bd5b-40981, 53238ef5ebfc-36250], phase READ_OLD_WRITE_ALL, topology id 2
2024-02-14 13:41:15 2024-02-14 04:41:15,647 INFO  [org.infinispan.LIFECYCLE] (non-blocking-thread--p2-t6) [Context=work] ISPN100010: Finished rebalance with members [6d617897bd5b-40981, 53238ef5ebfc-36250], topology id 2
2024-02-14 13:41:15 2024-02-14 04:41:15,712 INFO  [org.infinispan.CLUSTER] (jgroups-7,6d617897bd5b-40981) [Context=work] ISPN100009: Advancing to rebalance phase READ_ALL_WRITE_ALL, topology id 3
2024-02-14 13:41:15 2024-02-14 04:41:15,720 INFO  [org.infinispan.CLUSTER] (jgroups-7,6d617897bd5b-40981) [Context=work] ISPN100009: Advancing to rebalance phase READ_NEW_WRITE_ALL, topology id 4
2024-02-14 13:41:15 2024-02-14 04:41:15,725 INFO  [org.infinispan.CLUSTER] (jgroups-7,6d617897bd5b-40981) [Context=work] ISPN100010: Finished rebalance with members [6d617897bd5b-40981, 53238ef5ebfc-36250], topology id 5
2024-02-14 13:41:15 2024-02-14 04:41:15,794 INFO  [org.keycloak.exportimport.singlefile.SingleFileImportProvider] (main) Full importing from file /opt/keycloak/bin/../data/import/realm.json
2024-02-14 13:41:17 2024-02-14 04:41:17,252 INFO  [org.keycloak.exportimport.util.ImportUtils] (main) Realm 'test-realm' already exists. Import skipped
2024-02-14 13:41:17 2024-02-14 04:41:17,252 INFO  [org.keycloak.exportimport.util.ImportUtils] (main) Realm 'test-realm' already exists. Import skipped
2024-02-14 13:41:17 2024-02-14 04:41:17,371 INFO  [org.keycloak.exportimport.dir.DirImportProvider] (main) Importing from directory /opt/keycloak/bin/../data/import
2024-02-14 13:41:17 2024-02-14 04:41:17,372 INFO  [org.keycloak.services] (main) KC-SERVICES0030: Full model import requested. Strategy: IGNORE_EXISTING
2024-02-14 13:41:17 2024-02-14 04:41:17,375 INFO  [org.keycloak.services] (main) KC-SERVICES0032: Import finished successfully
2024-02-14 13:41:18 2024-02-14 04:41:18,390 INFO  [io.quarkus] (main) Keycloak 23.0.6 on JVM (powered by Quarkus 3.2.10.Final) started in 29.597s. Listening on: http://0.0.0.0:8080
2024-02-14 13:41:18 2024-02-14 04:41:18,416 INFO  [io.quarkus] (main) Profile dev activated.
2024-02-14 13:41:18 2024-02-14 04:41:18,424 INFO  [io.quarkus] (main) Installed features: [agroal, cdi, hibernate-orm, jdbc-h2, jdbc-mariadb, jdbc-mssql, jdbc-mysql, jdbc-oracle, jdbc-postgresql, keycloak, logging-gelf, micrometer, narayana-jta, reactive-routes, resteasy-reactive, resteasy-reactive-jackson, smallrye-context-propagation, smallrye-health, vertx]
2024-02-14 13:41:18 2024-02-14 04:41:18,773 WARN  [org.keycloak.quarkus.runtime.KeycloakMain] (main) Running the server in development mode. DO NOT use this configuration in production.
2024-02-14 13:44:10 2024-02-14 04:44:10,669 INFO  [org.infinispan.CLUSTER] (main) [Context=authenticationSessions] ISPN100008: Updating cache members list [53238ef5ebfc-36250], topology id 6
2024-02-14 13:44:10 2024-02-14 04:44:10,706 INFO  [org.infinispan.CLUSTER] (main) [Context=sessions] ISPN100008: Updating cache members list [53238ef5ebfc-36250], topology id 6
2024-02-14 13:44:10 2024-02-14 04:44:10,748 INFO  [org.infinispan.CLUSTER] (main) [Context=clientSessions] ISPN100008: Updating cache members list [53238ef5ebfc-36250], topology id 6
2024-02-14 13:44:10 2024-02-14 04:44:10,775 INFO  [org.infinispan.CLUSTER] (main) [Context=work] ISPN100008: Updating cache members list [53238ef5ebfc-36250], topology id 6
2024-02-14 13:44:10 2024-02-14 04:44:10,923 INFO  [org.infinispan.CLUSTER] (main) [Context=org.infinispan.PERMISSIONS] ISPN100008: Updating cache members list [53238ef5ebfc-36250], topology id 6
2024-02-14 13:44:10 2024-02-14 04:44:10,994 INFO  [org.infinispan.CLUSTER] (main) [Context=loginFailures] ISPN100008: Updating cache members list [53238ef5ebfc-36250], topology id 6
2024-02-14 13:44:11 2024-02-14 04:44:11,004 INFO  [org.infinispan.CLUSTER] (main) [Context=offlineClientSessions] ISPN100008: Updating cache members list [53238ef5ebfc-36250], topology id 6
2024-02-14 13:44:11 2024-02-14 04:44:11,032 INFO  [org.infinispan.CLUSTER] (main) [Context=org.infinispan.ROLES] ISPN100008: Updating cache members list [53238ef5ebfc-36250], topology id 6
2024-02-14 13:44:11 2024-02-14 04:44:11,046 INFO  [org.infinispan.CLUSTER] (main) [Context=org.infinispan.CONFIG] ISPN100008: Updating cache members list [53238ef5ebfc-36250], topology id 6
2024-02-14 13:44:11 2024-02-14 04:44:11,063 INFO  [org.infinispan.CLUSTER] (main) [Context=offlineSessions] ISPN100008: Updating cache members list [53238ef5ebfc-36250], topology id 6
2024-02-14 13:44:11 2024-02-14 04:44:11,313 INFO  [org.infinispan.CLUSTER] (main) [Context=actionTokens] ISPN100008: Updating cache members list [53238ef5ebfc-36250], topology id 6
2024-02-14 13:44:11 2024-02-14 04:44:11,321 INFO  [org.infinispan.CLUSTER] (main) ISPN000080: Disconnecting JGroups channel `ISPN`
2024-02-14 13:44:11 2024-02-14 04:44:11,511 INFO  [io.quarkus] (main) Keycloak stopped in 0.884s
